\BOOKMARK [1][-]{section.1}{\376\377\0001\000.\000\040\000D\000e\000f\000i\000n\000i\000t\000i\000o\000n\000s}{}% 1
\BOOKMARK [2][-]{subsection.1.1}{\376\377\0001\000.\0001\000.\000\040\000\311\000t\000a\000l\000e\000\040\000m\000o\000r\000p\000h\000i\000s\000m\000s\000\040\000o\000f\000\040\000s\000c\000h\000e\000m\000e\000s}{section.1}% 2
\BOOKMARK [1][-]{section.2}{\376\377\0002\000.\000\040\000T\000h\000e\000\040\000\351\000t\000a\000l\000e\000\040\000f\000u\000n\000d\000a\000m\000e\000n\000t\000a\000l\000\040\000g\000r\000o\000u\000p\000\040\000o\000f\000\040\000a\000\040\000s\000c\000h\000e\000m\000e\000\040\000a\000t\000\040\000a\000\040\000g\000e\000o\000m\000e\000t\000r\000i\000c\000\040\000p\000o\000i\000n\000t}{}% 3
\BOOKMARK [1][-]{section.3}{\376\377\0003\000.\000\040\000S\000h\000e\000a\000v\000e\000s\000\040\000o\000n\000\040\000t\000h\000e\000\040\000s\000m\000a\000l\000l\000\040\000\351\000t\000a\000l\000e\000\040\000s\000i\000t\000e\000\040\000o\000f\000\040\000a\000\040\000s\000c\000h\000e\000m\000e}{}% 4
\BOOKMARK [2][-]{subsection.3.1}{\376\377\0003\000.\0001\000.\000\040\000T\000h\000e\000\040\000s\000m\000a\000l\000l\000\040\000a\000n\000d\000\040\000b\000i\000g\000\040\000\311\000t\000a\000l\000e\000\040\000s\000i\000t\000e\000s\000\040\000o\000f\000\040\000a\000\040\000s\000c\000h\000e\000m\000e}{section.3}% 5
\BOOKMARK [2][-]{subsection.3.2}{\376\377\0003\000.\0002\000.\000\040\000O\000t\000h\000e\000r\000\040\000c\000o\000m\000m\000o\000n\000\040\000s\000i\000t\000e\000s\000\040\000o\000f\000\040\000s\000c\000h\000e\000m\000e\000s}{section.3}% 6
\BOOKMARK [2][-]{subsection.3.3}{\376\377\0003\000.\0003\000.\000\040\000S\000h\000e\000a\000f\000i\000c\000a\000t\000i\000o\000n\000\040\000o\000f\000\040\000a\000\040\000p\000r\000e\000s\000h\000e\000a\000f\000\040\000o\000n\000\040\000a\000\040\000s\000i\000t\000e}{section.3}% 7
\BOOKMARK [2][-]{subsection.3.4}{\376\377\0003\000.\0004\000.\000\040\000E\000x\000a\000m\000p\000l\000e\000s\000\040\000o\000f\000\040\000s\000h\000e\000a\000v\000e\000s\000\040\000o\000n\000\040\000t\000h\000e\000\040\000\351\000t\000a\000l\000e\000\040\000s\000i\000t\000e\000\040\000o\000f\000\040\000a\000\040\000s\000c\000h\000e\000m\000e}{section.3}% 8
\BOOKMARK [2][-]{subsection.3.5}{\376\377\0003\000.\0005\000.\000\040\000S\000t\000a\000l\000k\000\040\000o\000f\000\040\000a\000\040\000\050\000p\000r\000e\000\051\000s\000h\000e\000a\000f\000\040\000o\000n\000\040\000t\000h\000e\000\040\000s\000m\000a\000l\000l\000\040\000\351\000t\000a\000l\000e\000\040\000s\000i\000t\000e\000\040\000o\000f\000\040\000a\000\040\000s\000c\000h\000e\000m\000e}{section.3}% 9
\BOOKMARK [2][-]{subsection.3.6}{\376\377\0003\000.\0006\000.\000\040\000C\000o\000n\000s\000t\000a\000n\000t\000\040\000a\000n\000d\000\040\000l\000o\000c\000a\000l\000l\000y\000\040\000c\000o\000n\000s\000t\000a\000n\000t\000\040\000s\000h\000e\000a\000v\000e\000s}{section.3}% 10
\BOOKMARK [1][-]{section.4}{\376\377\0004\000.\000\040\000L\000o\000c\000a\000l\000l\000y\000\040\000c\000o\000n\000s\000t\000a\000n\000t\000\040\000s\000h\000e\000a\000v\000e\000s\000\040\000a\000n\000d\000\040\000l\000o\000c\000a\000l\000\040\000s\000y\000s\000t\000e\000m\000s}{}% 11
\BOOKMARK [1][-]{section.5}{\376\377\0005\000.\000\040\000S\000i\000x\000\040\000f\000u\000n\000c\000t\000o\000r\000s}{}% 12
\BOOKMARK [2][-]{subsection.5.1}{\376\377\0005\000.\0001\000.\000\040\000T\000h\000e\000\040\000f\000u\000n\000c\000t\000o\000r\000s\000\040\000o\000n\000\040\000s\000h\000e\000a\000v\000e\000s}{section.5}% 13
\BOOKMARK [3][-]{subsubsection.5.1.1}{\376\377\0005\000.\0001\000.\0001\000.\000\040\000I\000n\000v\000e\000r\000s\000e\000\040\000a\000n\000d\000\040\000d\000i\000r\000e\000c\000t\000\040\000i\000m\000a\000g\000e\000s\000\040\000o\000f\000\040\000s\000h\000e\000a\000v\000e\000s\000\040\000v\000i\000a\000\040\000c\000o\000n\000t\000i\000n\000u\000o\000u\000s\000\040\000f\000u\000n\000c\000t\000o\000r\000s\000\040\000o\000f\000\040\000g\000e\000n\000e\000r\000a\000l\000\040\000s\000i\000t\000e\000s}{subsection.5.1}% 14
\BOOKMARK [3][-]{subsubsection.5.1.2}{\376\377\0005\000.\0001\000.\0002\000.\000\040\000E\000x\000t\000e\000n\000s\000i\000o\000n\000\040\000b\000y\000\040\000z\000e\000r\000o\000\040\000o\000f\000\040\000s\000h\000e\000a\000v\000e\000s\000\040\000v\000i\000a\000\040\000o\000p\000e\000n\000\040\000i\000m\000m\000e\000r\000s\000i\000o\000n\000s\000\040\000o\000f\000\040\000s\000c\000h\000e\000m\000e\000s}{subsection.5.1}% 15
\BOOKMARK [3][-]{subsubsection.5.1.3}{\376\377\0005\000.\0001\000.\0003\000.\000\040\000H\000o\000m\000\040\000a\000n\000d\000\040\000t\000e\000n\000s\000o\000r\000\040\000p\000r\000o\000d\000u\000c\000t\000\040\000f\000u\000n\000c\000t\000o\000r\000s\000\040\000o\000f\000\040\000s\000h\000e\000a\000v\000e\000s}{subsection.5.1}% 16
\BOOKMARK [3][-]{subsubsection.5.1.4}{\376\377\0005\000.\0001\000.\0004\000.\000\040\000E\000x\000a\000c\000t\000n\000e\000s\000s\000\040\000p\000r\000o\000p\000e\000r\000t\000i\000e\000s\000\040\000o\000n\000\040\000s\000h\000e\000a\000v\000e\000s\000\040\000o\000f\000\040\000a\000b\000e\000l\000i\000a\000n\000\040\000g\000r\000o\000u\000p\000s}{subsection.5.1}% 17
\BOOKMARK [2][-]{subsection.5.2}{\376\377\0005\000.\0002\000.\000\040\000T\000h\000e\000\040\000f\000u\000n\000c\000t\000o\000r\000s\000\040\000o\000n\000\040\000d\000e\000r\000i\000v\000e\000d\000\040\000c\000a\000t\000e\000g\000o\000r\000i\000e\000s\000\040\000o\000f\000\040\000s\000h\000e\000a\000v\000e\000s}{section.5}% 18
\BOOKMARK [1][-]{section.6}{\376\377\0006\000.\000\040\000C\000o\000h\000o\000m\000o\000l\000o\000g\000y\000\040\000o\000f\000\040\000l\000i\000t\000e\000r\000a\000l\000\040\000s\000h\000e\000a\000v\000e\000s\000\040\000f\000o\000r\000\040\000t\000h\000e\000\040\000s\000m\000a\000l\000l\000\040\000\351\000t\000a\000l\000e\000\040\000s\000i\000t\000e\000\040\000o\000n\000\040\000a\000\040\000s\000c\000h\000e\000m\000e}{}% 19
\BOOKMARK [2][-]{subsection.6.1}{\376\377\0006\000.\0001\000.\000\040\000S\000h\000e\000a\000f\000\040\000c\000o\000h\000o\000m\000o\000l\000o\000g\000y\000\040\000o\000f\000\040\000a\000\040\000g\000e\000n\000e\000r\000a\000l\000\040\000m\000o\000d\000u\000l\000e\000\040\000o\000v\000e\000r\000\040\000a\000\040\000s\000h\000e\000a\000f\000\040\000o\000f\000\040\000r\000i\000n\000g\000s\000\040\000o\000n\000\040\000a\000\040\000s\000i\000t\000e}{section.6}% 20
\BOOKMARK [2][-]{subsection.6.2}{\376\377\0006\000.\0002\000.\000\040\000\311\000t\000a\000l\000e\000\040\000c\000o\000h\000o\000m\000o\000l\000o\000g\000y\000\040\000o\000f\000\040\000l\000i\000t\000e\000r\000a\000l\000\040\000s\000h\000e\000a\000v\000e\000s}{section.6}% 21
\BOOKMARK [1][-]{section.7}{\376\377\0007\000.\000\040\000D\000e\000r\000i\000v\000e\000d\000\040\000c\000a\000t\000e\000g\000o\000r\000i\000e\000s\000\040\000o\000f\000\040\000l\000a\000m\000b\000a\000d\000-\000a\000d\000i\000c\000\040\000s\000h\000e\000a\000v\000e\000s\000\040\000c\000o\000n\000s\000t\000r\000u\000c\000t\000i\000b\000l\000e\000\040\000t\000h\000r\000o\000u\000g\000h\000\040\000l\000i\000m\000i\000t\000s\000\040\000o\000f\000\040\000c\000a\000t\000e\000g\000o\000r\000i\000e\000s}{}% 22
\BOOKMARK [2][-]{subsection.7.1}{\376\377\0007\000.\0001\000.\000\040\000e\000l\000l\000-\000a\000d\000i\000c\000\040\000s\000h\000e\000a\000v\000e\000s}{section.7}% 23
\BOOKMARK [2][-]{subsection.7.2}{\376\377\0007\000.\0002\000.\000\040\000e\000l\000l\000-\000a\000d\000i\000c\000\040\000c\000o\000h\000o\000m\000o\000l\000o\000g\000y}{section.7}% 24
\BOOKMARK [2][-]{subsection.7.3}{\376\377\0007\000.\0003\000.\000\040\000T\000h\000e\000\040\000c\000a\000t\000e\000g\000o\000r\000i\000e\000s\000\040\000o\000f\000\040\000l\000a\000m\000b\000d\000a\000-\000a\000d\000i\000c\000\040\000s\000h\000e\000a\000v\000e\000s\000\040\000a\000n\000d\000\040\000A\000-\000R\000\040\000l\000a\000m\000b\000d\000a\000-\000a\000d\000i\000c\000\040\000s\000h\000e\000a\000v\000e\000s}{section.7}% 25
\BOOKMARK [2][-]{subsection.7.4}{\376\377\0007\000.\0004\000.\000\040\000C\000o\000n\000s\000t\000r\000u\000c\000t\000i\000b\000l\000e\000\040\000s\000h\000e\000a\000v\000e\000s}{section.7}% 26
\BOOKMARK [2][-]{subsection.7.5}{\376\377\0007\000.\0005\000.\000\040\000l\000a\000m\000b\000d\000a\000-\000a\000d\000i\000c\000\040\000s\000h\000e\000a\000v\000e\000s}{section.7}% 27
\BOOKMARK [2][-]{subsection.7.6}{\376\377\0007\000.\0006\000.\000\040\000T\000h\000e\000\040\000c\000a\000t\000e\000g\000o\000r\000y\000\040\000D\000c\000b\000\050\000X\000,\000R\000\051\000\040\000o\000f\000\040\000i\000n\000t\000e\000g\000r\000a\000l\000\040\000c\000o\000e\000f\000f\000i\000c\000i\000e\000n\000t\000s}{section.7}% 28
\BOOKMARK [1][-]{section.8}{\376\377\0008\000.\000\040\000T\000h\000e\000o\000r\000e\000m\000s}{}% 29
\BOOKMARK [2][-]{subsection.8.1}{\376\377\0008\000.\0001\000.\000\040\000B\000a\000s\000e\000\040\000c\000h\000a\000n\000g\000e\000\040\000t\000h\000e\000o\000r\000e\000m}{section.8}% 30
\BOOKMARK [2][-]{subsection.8.2}{\376\377\0008\000.\0002\000.\000\040\000P\000o\000i\000n\000c\000a\000r\000\351\000\040\000d\000u\000a\000l\000i\000t\000y}{section.8}% 31
\BOOKMARK [2][-]{subsection.8.3}{\376\377\0008\000.\0003\000.\000\040\000L\000e\000f\000s\000c\000h\000e\000t\000z\000\040\000t\000r\000a\000c\000e\000\040\000f\000o\000r\000m\000u\000l\000a}{section.8}% 32
\BOOKMARK [2][-]{subsection.8.4}{\376\377\0008\000.\0004\000.\000\040\000W\000e\000i\000l\000\040\000c\000o\000n\000j\000e\000c\000t\000u\000r\000e\000s}{section.8}% 33
\BOOKMARK [1][-]{section.9}{\376\377\0009\000.\000\040\000E\000k\000e\000d\000a\000h\000l\000'\000s\000\040\000f\000o\000r\000m\000a\000l\000i\000s\000m}{}% 34
\BOOKMARK [1][-]{section.10}{\376\377\0001\0000\000.\000\040\000P\000r\000o\000-\000\351\000t\000a\000l\000e\000\040\000t\000o\000p\000o\000l\000o\000g\000y}{}% 35
\BOOKMARK [2][-]{subsection.Alph0.1}{\376\377\000.\0001\000.\000\040\000C\000a\000t\000e\000g\000o\000r\000i\000c\000a\000l\000\040\000d\000e\000f\000i\000n\000i\000t\000i\000o\000n\000s}{section.10}% 36
\BOOKMARK [3][-]{subsubsection.Alph0.1.1}{\376\377\000.\0001\000.\0001\000.\000\040\000A\000b\000e\000l\000i\000a\000n\000\040\000c\000a\000t\000e\000g\000o\000r\000i\000e\000s}{subsection.Alph0.1}% 37
\BOOKMARK [2][-]{subsection.Alph0.2}{\376\377\000.\0002\000.\000\040\000H\000o\000m\000o\000l\000o\000g\000i\000c\000a\000l\000\040\000a\000l\000g\000e\000b\000r\000a}{section.10}% 38
\BOOKMARK [2][-]{subsection.Alph0.3}{\376\377\000.\0003\000.\000\040\000S\000c\000h\000e\000m\000e\000s}{section.10}% 39
\BOOKMARK [1][-]{appendix.A}{\376\377\000A\000p\000p\000e\000n\000d\000i\000x\000\040\000A\000.\000\040\000P\000r\000e\000s\000h\000e\000a\000v\000e\000s\000\040\000a\000n\000d\000\040\000s\000h\000e\000a\000v\000e\000s}{}% 40
\BOOKMARK [1][-]{appendix.B}{\376\377\000A\000p\000p\000e\000n\000d\000i\000x\000\040\000B\000.\000\040\000D\000e\000r\000i\000v\000e\000d\000\040\000c\000a\000t\000e\000g\000o\000r\000i\000e\000s}{}% 41
\BOOKMARK [2][-]{subsection.B.1}{\376\377\000B\000.\0001\000.\000\040\000H\000o\000m\000o\000t\000o\000p\000y\000\040\000c\000a\000t\000e\000g\000o\000r\000y\000\040\000o\000f\000\040\000c\000h\000a\000i\000n\000\040\000c\000o\000m\000p\000l\000e\000x\000e\000s\000\040\000o\000f\000\040\000a\000n\000\040\000a\000d\000d\000i\000t\000i\000v\000e\000\040\000c\000a\000t\000e\000g\000o\000r\000y}{appendix.B}% 42
\BOOKMARK [2][-]{subsection.B.2}{\376\377\000B\000.\0002\000.\000\040\000M\000u\000l\000t\000i\000p\000l\000i\000c\000a\000t\000i\000v\000e\000\040\000s\000y\000s\000t\000e\000m\000s\000\040\000i\000n\000\040\000c\000a\000t\000e\000g\000o\000r\000i\000e\000s}{appendix.B}% 43
\BOOKMARK [2][-]{subsection.B.3}{\376\377\000B\000.\0003\000.\000\040\000D\000e\000r\000i\000v\000e\000d\000\040\000c\000a\000t\000e\000g\000o\000r\000i\000e\000s\000\040\000o\000f\000\040\000a\000b\000e\000l\000i\000a\000n\000\040\000c\000a\000t\000e\000g\000o\000r\000i\000e\000s}{appendix.B}% 44
\BOOKMARK [2][-]{subsection.B.4}{\376\377\000B\000.\0004\000.\000\040\000T\000o\000t\000a\000l\000\040\000d\000e\000r\000i\000v\000e\000d\000\040\000f\000u\000n\000c\000t\000o\000r\000s\000\040}{appendix.B}% 45
\BOOKMARK [2][-]{subsection.B.5}{\376\377\000B\000.\0005\000.\000\040\000G\000e\000n\000e\000r\000a\000l\000\040\000d\000e\000r\000i\000v\000e\000d\000\040\000f\000u\000n\000c\000t\000o\000r\000s\000\040\000f\000o\000r\000\040\000e\000x\000a\000c\000t\000\040\000m\000u\000l\000t\000i\000f\000u\000n\000c\000t\000o\000r\000s\000\040\000b\000e\000t\000w\000e\000e\000n\000\040\000t\000r\000i\000a\000n\000g\000u\000l\000a\000t\000e\000d\000\040\000c\000a\000t\000e\000g\000o\000r\000i\000e\000s}{appendix.B}% 46
\BOOKMARK [3][-]{subsubsection.B.5.1}{\376\377\000B\000.\0005\000.\0001\000.\000\040\000D\000e\000r\000i\000v\000e\000d\000\040\000m\000u\000l\000t\000i\000f\000u\000n\000c\000t\000o\000r\000s\000\040\000o\000f\000\040\000a\000d\000d\000i\000t\000i\000v\000e\000\040\000m\000u\000l\000t\000i\000f\000u\000n\000c\000t\000o\000r\000s\000\040\000b\000e\000t\000w\000e\000e\000n\000\040\000a\000b\000e\000l\000i\000a\000n\000\040\000c\000a\000t\000e\000g\000o\000r\000i\000e\000s}{subsection.B.5}% 47
\BOOKMARK [1][-]{appendix.C}{\376\377\000A\000p\000p\000e\000n\000d\000i\000x\000\040\000C\000.\000\040\000M\000i\000s\000c\000e\000l\000l\000a\000n\000e\000o\000u\000s\000\040\000d\000e\000f\000i\000n\000i\000t\000i\000o\000n\000s}{}% 48
\BOOKMARK [1][-]{section*.2}{\376\377\000R\000e\000f\000e\000r\000e\000n\000c\000e\000s}{}% 49
