\BOOKMARK [1][-]{section.1}{\376\377\0001\000.\000\040\000A\0001\000-\000h\000o\000m\000o\000t\000o\000p\000y\000\040\000c\000a\000t\000e\000g\000o\000r\000i\000e\000s}{}% 1
\BOOKMARK [1][-]{section.2}{\376\377\0002\000.\000\040\000S\000i\000m\000p\000l\000i\000c\000i\000a\000l\000\040\000s\000h\000e\000a\000v\000e\000s\000\040\000i\000n\000\040\000t\000h\000e\000\040\000N\000i\000s\000n\000e\000v\000i\000c\000h\000\040\000t\000o\000p\000o\000l\000o\000g\000y\000\040\000a\000s\000\040\000a\000\040\000c\000a\000t\000e\000g\000o\000r\000y\000\040\000o\000f\000\040\000s\000p\000a\000c\000e\000s}{}% 2
\BOOKMARK [2][-]{subsection.2.1}{\376\377\0002\000.\0001\000.\000\040\000E\000l\000e\000m\000e\000n\000t\000a\000r\000y\000\040\000d\000i\000s\000t\000i\000n\000g\000u\000i\000s\000h\000e\000d\000\040\000s\000q\000u\000a\000r\000e\000s\000\040\000a\000n\000d\000\040\000t\000h\000e\000\040\000N\000i\000s\000n\000e\000v\000i\000c\000h\000\040\000t\000o\000p\000o\000l\000o\000g\000y}{section.2}% 3
\BOOKMARK [2][-]{subsection.2.2}{\376\377\0002\000.\0002\000.\000\040\000S\000i\000m\000p\000l\000i\000c\000i\000a\000l\000\040\000o\000b\000j\000e\000c\000t\000s\000\040\000i\000n\000\040\000a\000\040\000c\000a\000t\000e\000g\000o\000r\000y}{section.2}% 4
\BOOKMARK [2][-]{subsection.2.3}{\376\377\0002\000.\0003\000.\000\040\000T\000h\000e\000\040\000c\000a\000t\000e\000g\000o\000r\000y\000\040\000o\000f\000\040\000s\000p\000a\000c\000e\000s\000\040\000i\000n\000\040\000A\0001\000-\000h\000o\000m\000o\000t\000o\000p\000y\000\040\000t\000h\000e\000o\000r\000y}{section.2}% 5
\BOOKMARK [1][-]{section.3}{\376\377\0003\000.\000\040\000H\000o\000w\000\040\000t\000o\000\040\000d\000e\000f\000i\000n\000e\000\040\000t\000h\000e\000\040\000A\0001\000-\000h\000o\000m\000o\000t\000o\000p\000y\000\040\000c\000a\000t\000e\000g\000o\000r\000y}{}% 6
\BOOKMARK [2][-]{subsection.3.1}{\376\377\0003\000.\0001\000.\000\040\000T\000h\000e\000\040\000s\000i\000m\000p\000l\000i\000c\000i\000a\000l\000\040\000m\000o\000d\000e\000l\000\040\000s\000t\000r\000u\000c\000t\000u\000r\000e\000\040\000o\000n\000\040\000t\000h\000e\000\040\000c\000a\000t\000e\000g\000o\000r\000y\000\040\000o\000f\000\040\000s\000i\000m\000p\000l\000i\000c\000i\000a\000l\000\040\000s\000h\000e\000a\000v\000e\000s\000\040\000o\000n\000\040\000a\000\040\000s\000i\000t\000e}{section.3}% 7
\BOOKMARK [2][-]{subsection.3.2}{\376\377\0003\000.\0002\000.\000\040\000G\000e\000n\000e\000r\000a\000l\000\040\000m\000o\000d\000e\000l\000\040\000s\000t\000r\000u\000c\000t\000u\000r\000e\000s\000\040\000o\000n\000\040\000c\000a\000t\000e\000g\000o\000r\000i\000e\000s\000\040\000o\000f\000\040\000s\000i\000m\000p\000l\000i\000c\000i\000a\000l\000\040\000s\000h\000e\000a\000v\000e\000s}{section.3}% 8
\BOOKMARK [2][-]{subsection.3.3}{\376\377\0003\000.\0003\000.\000\040\000T\000h\000e\000\040\000A\0001\000-\000s\000i\000m\000p\000l\000i\000c\000i\000a\000l\000\040\000m\000o\000d\000e\000l\000\040\000s\000t\000r\000u\000c\000t\000u\000r\000e\000\040\000o\000n\000\040\000t\000h\000e\000\040\000c\000a\000t\000e\000g\000o\000r\000y\000\040\000o\000f\000\040\000s\000p\000a\000c\000e\000s\000\040\000a\000n\000d\000\040\000t\000h\000e\000\040\000A\0001\000-\000h\000o\000m\000o\000t\000o\000p\000y\000\040\000c\000a\000t\000e\000g\000o\000r\000y}{section.3}% 9
\BOOKMARK [1][-]{section.4}{\376\377\0004\000.\000\040\000F\000u\000n\000c\000t\000o\000r\000s\000\040\000a\000n\000d\000\040\000o\000p\000e\000r\000a\000t\000i\000o\000n\000s\000\040\000o\000n\000\040\000s\000p\000a\000c\000e\000s}{}% 10
\BOOKMARK [2][-]{subsection.4.1}{\376\377\0004\000.\0001\000.\000\040\000T\000h\000e\000\040\000A\0001\000-\000h\000o\000m\000o\000t\000o\000p\000y\000\040\000s\000h\000e\000a\000v\000e\000s\000\040\000o\000f\000\040\000a\000\040\000p\000o\000i\000n\000t\000e\000d\000\040\000s\000p\000a\000c\000e}{section.4}% 11
\BOOKMARK [1][-]{section.5}{\376\377\0005\000.\000\040\000A\0001\000-\000i\000n\000v\000a\000r\000i\000a\000n\000c\000e\000\040\000o\000f\000\040\000N\000i\000s\000n\000e\000v\000i\000c\000h\000\040\000s\000h\000e\000a\000v\000e\000s}{}% 12
\BOOKMARK [1][-]{section*.2}{\376\377\000P\000r\000o\000o\000f\000\040\000o\000f\000\040\000P\000r\000e\000s\000e\000r\000v\000a\000t\000i\000o\000n\000\040\000o\000f\000\040\000S\000t\000r\000o\000n\000g\000\040\000A\0001\000-\000i\000n\000v\000a\000r\000i\000a\000n\000c\000e\000\040\000u\000n\000d\000e\000r\000\040\000L\000o\000c\000a\000l\000i\000z\000a\000t\000i\000o\000n}{}% 13
\BOOKMARK [1][-]{section*.3}{\376\377\000P\000r\000e\000s\000e\000r\000v\000a\000t\000i\000o\000n\000\040\000f\000o\000r\000\040\000S\000h\000e\000a\000v\000e\000s\000\040\000o\000f\000\040\000G\000r\000o\000u\000p\000s\000\040\000\050\000N\000o\000n\000-\000A\000b\000e\000l\000i\000a\000n\000\051}{}% 14
\BOOKMARK [1][-]{section.6}{\376\377\0006\000.\000\040\000A\0001\000-\000d\000e\000r\000i\000v\000e\000d\000\040\000c\000a\000t\000e\000g\000o\000r\000y}{}% 15
\BOOKMARK [1][-]{section.7}{\376\377\0007\000.\000\040\000A\0001\000-\000B\000r\000o\000u\000w\000e\000r\000\040\000d\000e\000g\000r\000e\000e\000s}{}% 16
\BOOKMARK [2][-]{subsection.7.1}{\376\377\0007\000.\0001\000.\000\040\000T\000h\000e\000\040\000c\000l\000a\000s\000s\000i\000c\000a\000l\000\040\000B\000r\000o\000u\000w\000e\000r\000\040\000d\000e\000g\000r\000e\000e}{section.7}% 17
\BOOKMARK [2][-]{subsection.7.2}{\376\377\0007\000.\0002\000.\000\040\000M\000i\000l\000n\000o\000r\000-\000W\000i\000t\000t\000\040\000K\000-\000t\000h\000e\000o\000r\000y\000\040\000a\000n\000d\000\040\000t\000h\000e\000\040\000G\000r\000o\000t\000h\000e\000n\000d\000i\000e\000c\000k\000-\000W\000i\000t\000t\000\040\000r\000i\000n\000g\000\040\000o\000f\000\040\000a\000\040\000f\000i\000e\000l\000d}{section.7}% 18
\BOOKMARK [2][-]{subsection.7.3}{\376\377\0007\000.\0003\000.\000\040\000T\000h\000e\000\040\000Z\000-\000g\000r\000a\000d\000e\000d\000\040\000s\000h\000e\000a\000f\000\040\000o\000f\000\040\000u\000n\000r\000a\000m\000i\000f\000i\000e\000d\000\040\000M\000i\000l\000n\000o\000r\000-\000W\000i\000t\000t\000\040\000K\000-\000t\000h\000e\000o\000r\000y\000\040\000o\000f\000\040\000a\000\040\000f\000i\000e\000l\000d}{section.7}% 19
\BOOKMARK [2][-]{subsection.7.4}{\376\377\0007\000.\0004\000.\000\040}{section.7}% 20
\BOOKMARK [1][-]{section.8}{\376\377\0008\000.\000\040\000A\0001\000-\000h\000o\000m\000o\000t\000o\000p\000y\000\040\000g\000r\000o\000u\000p\000s\000\040\000o\000f\000\040\000s\000p\000a\000c\000e\000s}{}% 21
\BOOKMARK [1][-]{section.9}{\376\377\0009\000.\000\040\000S\000t\000a\000b\000l\000e\000\040\000A\0001\000-\000c\000a\000t\000e\000g\000o\000r\000i\000e\000s}{}% 22
\BOOKMARK [1][-]{section.10}{\376\377\0001\0000\000.\000\040\000A\0001\000-\000c\000o\000n\000n\000e\000c\000t\000i\000v\000i\000t\000y\000\040\000t\000h\000e\000o\000r\000e\000m\000s}{}% 23
\BOOKMARK [1][-]{appendix.A}{\376\377\000A\000p\000p\000e\000n\000d\000i\000x\000\040\000A\000.\000\040\000C\000a\000t\000e\000g\000o\000r\000y\000\040\000T\000h\000e\000o\000r\000y}{}% 24
\BOOKMARK [1][-]{appendix.B}{\376\377\000A\000p\000p\000e\000n\000d\000i\000x\000\040\000B\000.\000\040\000p\000o\000i\000n\000t\000s\000\040\000o\000f\000\040\000t\000o\000p\000o\000i}{}% 25
\BOOKMARK [1][-]{appendix.C}{\376\377\000A\000p\000p\000e\000n\000d\000i\000x\000\040\000C\000.\000\040\000T\000o\000p\000o\000l\000o\000g\000y}{}% 26
\BOOKMARK [1][-]{appendix.D}{\376\377\000A\000p\000p\000e\000n\000d\000i\000x\000\040\000D\000.\000\040\000M\000i\000s\000c\000e\000l\000l\000a\000n\000e\000o\000u\000s\000\040\000d\000e\000f\000i\000n\000i\000t\000i\000o\000n\000s}{}% 27
\BOOKMARK [1][-]{section*.4}{\376\377\000R\000e\000f\000e\000r\000e\000n\000c\000e\000s}{}% 28
