\BOOKMARK [1][-]{section.1}{\376\377\0001\000.\000\040\000C\000a\000t\000e\000g\000o\000r\000i\000e\000s}{}% 1
\BOOKMARK [2][-]{subsection.1.1}{\376\377\0001\000.\0001\000.\000\040\000S\000i\000t\000e\000s\000\040\000a\000n\000d\000\040\000s\000h\000e\000a\000v\000e\000s}{section.1}% 2
\BOOKMARK [2][-]{subsection.1.2}{\376\377\0001\000.\0002\000.\000\040\000M\000i\000s\000c\000e\000l\000l\000a\000n\000e\000o\000u\000s\000\040\000c\000a\000t\000e\000g\000o\000r\000i\000c\000a\000l\000\040\000c\000o\000n\000s\000t\000r\000u\000c\000t\000i\000o\000n\000s\000\040\000a\000n\000d\000\040\000d\000e\000f\000i\000n\000i\000t\000i\000o\000n\000s}{section.1}% 3
\BOOKMARK [2][-]{subsection.1.3}{\376\377\0001\000.\0003\000.\000\040\000D\000i\000a\000g\000r\000a\000m\000s\000,\000\040\000s\000y\000s\000t\000e\000m\000s\000,\000\040\000a\000n\000d\000\040\000l\000i\000m\000i\000t\000s\000\040\000i\000n\000\040\000c\000a\000t\000e\000g\000o\000r\000i\000e\000s}{section.1}% 4
\BOOKMARK [1][-]{section.2}{\376\377\0002\000.\000\040\000A\000d\000d\000i\000t\000i\000v\000e\000\040\000a\000n\000d\000\040\000a\000b\000e\000l\000i\000a\000n\000\040\000c\000a\000t\000e\000g\000o\000r\000i\000e\000s}{}% 5
\BOOKMARK [2][-]{subsection.2.1}{\376\377\0002\000.\0001\000.\000\040\000G\000r\000o\000t\000h\000e\000n\000d\000i\000e\000c\000k\000'\000s\000\040\000a\000d\000d\000i\000t\000i\000o\000n\000a\000l\000\040\000a\000x\000i\000o\000m\000s\000\040\000f\000o\000r\000\040\000a\000b\000e\000l\000i\000a\000n\000\040\000c\000a\000t\000e\000g\000o\000r\000i\000e\000s}{section.2}% 6
\BOOKMARK [2][-]{subsection.2.2}{\376\377\0002\000.\0002\000.\000\040\000M\000i\000s\000c\000e\000l\000l\000a\000n\000e\000o\000u\000s\000\040\000d\000e\000f\000i\000n\000i\000t\000i\000o\000n\000s}{section.2}% 7
\BOOKMARK [1][-]{section.3}{\376\377\0003\000.\000\040\000C\000h\000a\000i\000n\000\040\000c\000o\000m\000p\000l\000e\000x\000e\000s}{}% 8
\BOOKMARK [2][-]{subsection.3.1}{\376\377\0003\000.\0001\000.\000\040\000T\000h\000e\000\040\000c\000a\000t\000e\000g\000o\000r\000y\000\040\000o\000f\000\040\000c\000h\000a\000i\000n\000\040\000c\000o\000m\000p\000l\000e\000x\000e\000s\000\040\000o\000f\000\040\000o\000b\000j\000e\000c\000t\000s\000\040\000i\000n\000\040\000a\000n\000\040\000a\000d\000d\000i\000t\000i\000v\000e\000\040\000c\000a\000t\000e\000g\000o\000r\000y}{section.3}% 9
\BOOKMARK [2][-]{subsection.3.2}{\376\377\0003\000.\0002\000.\000\040\000\050\000C\000o\000\051\000H\000o\000m\000o\000l\000o\000g\000y\000\040\000o\000f\000\040\000c\000h\000a\000i\000n\000\040\000c\000o\000m\000p\000l\000e\000x\000e\000s}{section.3}% 10
\BOOKMARK [2][-]{subsection.3.3}{\376\377\0003\000.\0003\000.\000\040\000H\000o\000m\000o\000t\000o\000p\000y\000\040\000b\000e\000t\000w\000e\000e\000n\000\040\000m\000a\000p\000s\000\040\000b\000e\000t\000w\000e\000e\000n\000\040\000c\000h\000a\000i\000n\000\040\000c\000o\000m\000p\000l\000e\000x\000e\000s}{section.3}% 11
\BOOKMARK [2][-]{subsection.3.4}{\376\377\0003\000.\0004\000.\000\040\000T\000r\000u\000n\000c\000a\000t\000i\000o\000n\000s\000\040\000o\000f\000\040\000c\000h\000a\000i\000n\000\040\000c\000o\000m\000p\000l\000e\000x\000e\000s}{section.3}% 12
\BOOKMARK [2][-]{subsection.3.5}{\376\377\0003\000.\0005\000.\000\040\000M\000a\000p\000p\000i\000n\000g\000\040\000c\000o\000n\000e\000\040\000o\000f\000\040\000m\000a\000p\000s\000\040\000o\000f\000\040\000c\000h\000a\000i\000n\000\040\000c\000o\000m\000p\000l\000e\000x\000e\000s}{section.3}% 13
\BOOKMARK [1][-]{section.4}{\376\377\0004\000.\000\040\000R\000i\000g\000h\000t\000/\000l\000e\000f\000t\000\040\000d\000e\000r\000i\000v\000e\000d\000\040\000f\000u\000n\000c\000t\000o\000r\000s\000\040\000o\000f\000\040\000l\000e\000f\000t\000/\000r\000i\000g\000h\000t\000\040\000e\000x\000a\000c\000t\000\040\000a\000d\000d\000i\000t\000i\000v\000e\000\040\000f\000u\000n\000c\000t\000o\000r\000s\000\040\000b\000e\000t\000w\000e\000e\000n\000\040\000a\000b\000e\000l\000i\000a\000n\000\040\000c\000a\000t\000e\000g\000o\000r\000i\000e\000s}{}% 14
\BOOKMARK [2][-]{subsection.4.1}{\376\377\0004\000.\0001\000.\000\040\000I\000n\000j\000e\000c\000t\000i\000v\000e\000/\000p\000r\000o\000j\000e\000c\000t\000i\000v\000e\000\040\000o\000b\000j\000e\000c\000t\000s}{section.4}% 15
\BOOKMARK [2][-]{subsection.4.2}{\376\377\0004\000.\0002\000.\000\040\000R\000e\000s\000o\000l\000u\000t\000i\000o\000n\000s\000\040\000o\000f\000\040\000o\000b\000j\000e\000c\000t\000s\000\040\000b\000y\000\040\000c\000h\000a\000i\000n\000\040\000c\000o\000m\000p\000l\000e\000x\000e\000s}{section.4}% 16
\BOOKMARK [2][-]{subsection.4.3}{\376\377\0004\000.\0003\000.\000\040\000D\000e\000r\000i\000v\000e\000d\000\040\000f\000u\000n\000c\000t\000o\000r\000s\000\040\000o\000f\000\040\000r\000i\000g\000h\000t\000\040\000o\000r\000\040\000l\000e\000f\000t\000\040\000e\000x\000a\000c\000t\000\040\000f\000u\000n\000c\000t\000o\000r\000s\000\040\000b\000e\000t\000w\000e\000e\000n\000\040\000a\000b\000e\000l\000i\000a\000n\000\040\000c\000a\000t\000e\000g\000o\000r\000i\000e\000s\000\040\000w\000h\000e\000r\000e\000\040\000t\000h\000e\000\040\000s\000o\000u\000r\000c\000e\000\040\000c\000a\000t\000e\000g\000o\000r\000y\000\040\000h\000a\000s\000\040\000e\000n\000o\000u\000g\000h\000\040\000p\000r\000o\000j\000e\000c\000t\000i\000v\000e\000s\000\040\000o\000r\000\040\000i\000n\000j\000e\000c\000t\000i\000v\000e\000s}{section.4}% 17
\BOOKMARK [2][-]{subsection.4.4}{\376\377\0004\000.\0004\000.\000\040\000H\000o\000m\000o\000l\000o\000g\000i\000c\000a\000l\000\040\000a\000n\000d\000\040\000c\000o\000h\000o\000m\000o\000l\000o\000g\000i\000c\000a\000l\000\040\000\040\000f\000u\000n\000c\000t\000o\000r\000s}{section.4}% 18
\BOOKMARK [2][-]{subsection.4.5}{\376\377\0004\000.\0005\000.\000\040\000H\000o\000m\000o\000l\000o\000g\000i\000c\000a\000l\000\040\000a\000n\000d\000\040\000c\000o\000h\000o\000m\000o\000l\000o\000g\000i\000c\000a\000l\000\040\000d\000i\000m\000e\000n\000s\000i\000o\000n\000\040\000o\000f\000\040\000a\000n\000\040\000a\000d\000d\000i\000t\000i\000v\000e\000\040\000f\000u\000n\000c\000t\000o\000r}{section.4}% 19
\BOOKMARK [2][-]{subsection.4.6}{\376\377\0004\000.\0006\000.\000\040\000F\000-\000a\000c\000y\000c\000l\000i\000c\000\040\000o\000b\000j\000e\000c\000t\000s}{section.4}% 20
\BOOKMARK [2][-]{subsection.4.7}{\376\377\0004\000.\0007\000.\000\040\000D\000o\000u\000b\000l\000e\000\040\000c\000o\000m\000p\000l\000e\000x\000e\000s}{section.4}% 21
\BOOKMARK [2][-]{subsection.4.8}{\376\377\0004\000.\0008\000.\000\040\000D\000e\000r\000i\000v\000e\000d\000\040\000f\000u\000n\000c\000t\000o\000r\000s\000\040\000o\000f\000\040\000b\000i\000a\000d\000d\000i\000t\000i\000v\000e\000\040\000f\000u\000n\000c\000t\000o\000r\000s}{section.4}% 22
\BOOKMARK [3][-]{subsubsection.4.8.1}{\376\377\0004\000.\0008\000.\0001\000.\000\040\000F\000l\000a\000t\000\040\000o\000b\000j\000e\000c\000t\000s\000\040\000w\000i\000t\000h\000\040\000r\000e\000s\000p\000e\000c\000t\000\040\000t\000o\000\040\000b\000i\000a\000d\000d\000i\000t\000i\000v\000e\000\040\000f\000u\000n\000c\000t\000o\000r\000s}{subsection.4.8}% 23
\BOOKMARK [3][-]{subsubsection.4.8.2}{\376\377\0004\000.\0008\000.\0002\000.\000\040\000D\000e\000r\000i\000v\000e\000d\000\040\000f\000u\000n\000c\000t\000o\000r\000s\000\040\000f\000o\000r\000\040\000b\000i\000a\000d\000d\000i\000t\000i\000v\000e\000\040\000f\000u\000n\000c\000t\000o\000r\000s\000\040\000c\000o\000m\000p\000u\000t\000e\000d\000\040\000v\000i\000a\000\040\000r\000e\000s\000o\000l\000u\000t\000i\000o\000n\000s\000\040\000o\000f\000\040\000f\000l\000a\000t\000\040\000o\000b\000j\000e\000c\000t\000s}{subsection.4.8}% 24
\BOOKMARK [2][-]{subsection.4.9}{\376\377\0004\000.\0009\000.\000\040\000H\000o\000m\000o\000l\000o\000g\000i\000c\000a\000l\000\040\000a\000n\000d\000\040\000C\000o\000h\000o\000m\000o\000l\000o\000g\000i\000c\000a\000l\000\040\000a\000m\000p\000l\000i\000t\000u\000d\000e}{section.4}% 25
\BOOKMARK [2][-]{subsection.4.10}{\376\377\0004\000.\0001\0000\000.\000\040\000T\000o\000r\000/\000d\000e\000r\000i\000v\000e\000d\000\040\000f\000u\000n\000c\000t\000o\000r\000\040\000o\000f\000\040\000a\000\040\000\050\000r\000i\000g\000h\000t\000\040\000e\000x\000a\000c\000t\000\051\000\040\000b\000i\000a\000d\000d\000i\000t\000i\000v\000e\000\040\000f\000u\000n\000c\000t\000o\000r\000\040\000v\000i\000a\000\040\000p\000r\000o\000j\000e\000c\000t\000i\000v\000e\000\040\000r\000e\000s\000o\000l\000u\000t\000i\000o\000n\000s\000\040\000o\000r\000\040\000f\000l\000a\000t\000\040\000r\000e\000s\000o\000l\000u\000t\000i\000o\000n\000s}{section.4}% 26
\BOOKMARK [1][-]{section.5}{\376\377\0005\000.\000\040\000D\000e\000r\000i\000v\000e\000d\000\040\000c\000a\000t\000e\000g\000o\000r\000i\000e\000s}{}% 27
\BOOKMARK [2][-]{subsection.5.1}{\376\377\0005\000.\0001\000.\000\040\000H\000o\000m\000o\000t\000o\000p\000y\000\040\000c\000a\000t\000e\000g\000o\000r\000y\000\040\000o\000f\000\040\000c\000h\000a\000i\000n\000\040\000c\000o\000m\000p\000l\000e\000x\000e\000s\000\040\000o\000f\000\040\000a\000n\000\040\000a\000d\000d\000i\000t\000i\000v\000e\000\040\000c\000a\000t\000e\000g\000o\000r\000y}{section.5}% 28
\BOOKMARK [2][-]{subsection.5.2}{\376\377\0005\000.\0002\000.\000\040\000M\000u\000l\000t\000i\000p\000l\000i\000c\000a\000t\000i\000v\000e\000\040\000s\000y\000s\000t\000e\000m\000s\000\040\000i\000n\000\040\000c\000a\000t\000e\000g\000o\000r\000i\000e\000s}{section.5}% 29
\BOOKMARK [2][-]{subsection.5.3}{\376\377\0005\000.\0003\000.\000\040\000D\000e\000r\000i\000v\000e\000d\000\040\000c\000a\000t\000e\000g\000o\000r\000i\000e\000s\000\040\000o\000f\000\040\000a\000b\000e\000l\000i\000a\000n\000\040\000c\000a\000t\000e\000g\000o\000r\000i\000e\000s}{section.5}% 30
\BOOKMARK [2][-]{subsection.5.4}{\376\377\0005\000.\0004\000.\000\040\000T\000o\000t\000a\000l\000\040\000d\000e\000r\000i\000v\000e\000d\000\040\000f\000u\000n\000c\000t\000o\000r\000s\000\040}{section.5}% 31
\BOOKMARK [2][-]{subsection.5.5}{\376\377\0005\000.\0005\000.\000\040\000G\000e\000n\000e\000r\000a\000l\000\040\000d\000e\000r\000i\000v\000e\000d\000\040\000f\000u\000n\000c\000t\000o\000r\000s\000\040\000f\000o\000r\000\040\000e\000x\000a\000c\000t\000\040\000m\000u\000l\000t\000i\000f\000u\000n\000c\000t\000o\000r\000s\000\040\000b\000e\000t\000w\000e\000e\000n\000\040\000t\000r\000i\000a\000n\000g\000u\000l\000a\000t\000e\000d\000\040\000c\000a\000t\000e\000g\000o\000r\000i\000e\000s}{section.5}% 32
\BOOKMARK [3][-]{subsubsection.5.5.1}{\376\377\0005\000.\0005\000.\0001\000.\000\040\000D\000e\000r\000i\000v\000e\000d\000\040\000m\000u\000l\000t\000i\000f\000u\000n\000c\000t\000o\000r\000s\000\040\000o\000f\000\040\000a\000d\000d\000i\000t\000i\000v\000e\000\040\000m\000u\000l\000t\000i\000f\000u\000n\000c\000t\000o\000r\000s\000\040\000b\000e\000t\000w\000e\000e\000n\000\040\000a\000b\000e\000l\000i\000a\000n\000\040\000c\000a\000t\000e\000g\000o\000r\000i\000e\000s}{subsection.5.5}% 33
\BOOKMARK [2][-]{subsection.5.6}{\376\377\0005\000.\0006\000.\000\040\000T\000o\000t\000a\000l\000\040\000d\000e\000r\000i\000v\000e\000d\000\040\000f\000u\000n\000c\000t\000o\000r\000s\000\040\000o\000f\000\040\000b\000i\000a\000d\000d\000i\000t\000i\000v\000e\000\040\000f\000u\000n\000c\000t\000o\000r\000s}{section.5}% 34
\BOOKMARK [3][-]{subsubsection.5.6.1}{\376\377\0005\000.\0006\000.\0001\000.\000\040\000D\000e\000r\000i\000v\000e\000d\000\040\000t\000e\000n\000s\000o\000r\000\040\000p\000r\000o\000d\000u\000c\000t}{subsection.5.6}% 35
\BOOKMARK [2][-]{subsection.5.7}{\376\377\0005\000.\0007\000.\000\040\000E\000x\000t\000\040\000f\000u\000n\000c\000t\000o\000r\000s}{section.5}% 36
\BOOKMARK [2][-]{subsection.5.8}{\376\377\0005\000.\0008\000.\000\040\000S\000e\000r\000r\000e\000\040\000s\000u\000b\000c\000a\000t\000e\000g\000o\000r\000i\000e\000s}{section.5}% 37
\BOOKMARK [2][-]{subsection.5.9}{\376\377\0005\000.\0009\000.\000\040\000D\000e\000r\000i\000v\000e\000d\000\040\000f\000u\000n\000c\000t\000o\000r\000s\000\040\000o\000f\000\040\000t\000h\000e\000\040\000i\000n\000v\000e\000r\000s\000e\000\040\000l\000i\000m\000i\000t}{section.5}% 38
\BOOKMARK [1][-]{section.6}{\376\377\0006\000.\000\040\000S\000h\000e\000a\000v\000e\000s\000\040\000a\000n\000d\000\040\000s\000h\000e\000a\000f\000\040\000c\000o\000h\000o\000m\000o\000l\000o\000g\000y}{}% 39
\BOOKMARK [2][-]{subsection.6.1}{\376\377\0006\000.\0001\000.\000\040\000S\000i\000t\000e\000s\000\040\000a\000n\000d\000\040\000s\000h\000e\000a\000v\000e\000s}{section.6}% 40
\BOOKMARK [2][-]{subsection.6.2}{\376\377\0006\000.\0002\000.\000\040\000S\000h\000e\000a\000f\000\040\000c\000o\000h\000o\000m\000o\000l\000o\000g\000y}{section.6}% 41
\BOOKMARK [2][-]{subsection.6.3}{\376\377\0006\000.\0003\000.\000\040\000S\000h\000e\000a\000f\000y\000\040\000T\000o\000r\000\040\000a\000n\000d\000\040\000E\000x\000t\000,\000\040\000a\000n\000d\000\040\000d\000e\000r\000i\000v\000e\000d\000\040\000t\000e\000n\000s\000o\000r\000\040\000p\000r\000o\000d\000u\000c\000t\000\040\000a\000n\000d\000\040\000H\000o\000m\000\040\000o\000n\000\040\000s\000h\000e\000a\000v\000e\000s}{section.6}% 42
\BOOKMARK [3][-]{subsubsection.6.3.1}{\376\377\0006\000.\0003\000.\0001\000.\000\040\000G\000e\000n\000e\000r\000a\000l\000\040\000s\000h\000e\000a\000f\000y\000\040\000f\000u\000n\000c\000t\000o\000r\000s}{subsection.6.3}% 43
\BOOKMARK [3][-]{subsubsection.6.3.2}{\376\377\0006\000.\0003\000.\0002\000.\000\040\000T\000e\000n\000s\000o\000r\000\040\000p\000r\000o\000d\000u\000c\000t\000\040\000a\000n\000d\000\040\000H\000o\000m\000'\000s\000\040\000o\000f\000\040\000s\000h\000e\000a\000v\000e\000s\000\040}{subsection.6.3}% 44
\BOOKMARK [3][-]{subsubsection.6.3.3}{\376\377\0006\000.\0003\000.\0003\000.\000\040\000S\000h\000e\000a\000f\000y\000\040\000T\000o\000r\000\040\000a\000n\000d\000\040\000E\000x\000t}{subsection.6.3}% 45
\BOOKMARK [3][-]{subsubsection.6.3.4}{\376\377\0006\000.\0003\000.\0004\000.\000\040\000D\000e\000r\000i\000v\000e\000d\000\040\000t\000e\000n\000s\000o\000r\000\040\000p\000r\000o\000d\000u\000c\000t\000\040\000a\000n\000d\000\040\000H\000o\000m\000\040\000o\000n\000\040\000s\000h\000e\000a\000v\000e\000s}{subsection.6.3}% 46
\BOOKMARK [1][-]{section.7}{\376\377\0007\000.\000\040\000S\000p\000e\000c\000t\000r\000a\000l\000\040\000S\000e\000q\000u\000e\000n\000c\000e\000s}{}% 47
\BOOKMARK [1][-]{appendix.A}{\376\377\000A\000p\000p\000e\000n\000d\000i\000x\000\040\000A\000.\000\040\000C\000a\000t\000e\000g\000o\000r\000i\000e\000s\000\040\000e\000n\000r\000i\000c\000h\000e\000d\000\040\000i\000n\000\040\000m\000o\000n\000o\000i\000d\000a\000l\000\040\000c\000a\000t\000e\000g\000o\000r\000i\000e\000s}{}% 48
\BOOKMARK [1][-]{appendix.B}{\376\377\000A\000p\000p\000e\000n\000d\000i\000x\000\040\000B\000.\000\040\000S\000c\000h\000e\000m\000e\000s}{}% 49
\BOOKMARK [1][-]{appendix.C}{\376\377\000A\000p\000p\000e\000n\000d\000i\000x\000\040\000C\000.\000\040\000M\000i\000s\000c\000e\000l\000l\000a\000n\000e\000o\000u\000s\000\040\000d\000e\000f\000i\000n\000i\000t\000i\000o\000n\000s}{}% 50
\BOOKMARK [1][-]{section*.2}{\376\377\000R\000e\000f\000e\000r\000e\000n\000c\000e\000s}{}% 51
